<?xml version="1.0" encoding="UTF-8"?>
<!-- Generated by org.testng.reporters.JUnitXMLReporter -->
<testsuite ignored="3" hostname="AVAJ" failures="1" tests="1" name="lab assignment" time="49.342" errors="0" timestamp="2025-08-19T09:53:30 IST">
  <testcase classname="com.wiproJuly.LabSession18thAug.LabAssignment1" name="lab1" time="49.291">
    <failure type="org.openqa.selenium.ElementClickInterceptedException" message="element click intercepted: Element &amp;lt;input id=&amp;quot;profession-1&amp;quot; name=&amp;quot;profession&amp;quot; style=&amp;quot;font-size:14px;margin:0;padding:0;vertical-align:baseline&amp;quot; type=&amp;quot;checkbox&amp;quot; value=&amp;quot;Automation Tester&amp;quot;&amp;gt; is not clickable at point (477, 643). Other element would receive the click: &amp;lt;iframe frameborder=&amp;quot;0&amp;quot; src=&amp;quot;https://1e7bcdf4caedc24f75f75deb6526fa69.safeframe.googlesyndication.com/safeframe/1-0-45/html/container.html&amp;quot; id=&amp;quot;google_ads_iframe_/23202726502,22662382379/techlistic_com-medrectangle-2_0&amp;quot; title=&amp;quot;3rd party ad content&amp;quot; name=&amp;quot;&amp;quot; scrolling=&amp;quot;no&amp;quot; marginwidth=&amp;quot;0&amp;quot; marginheight=&amp;quot;0&amp;quot; width=&amp;quot;1005&amp;quot; height=&amp;quot;124&amp;quot; data-is-safeframe=&amp;quot;true&amp;quot; sandbox=&amp;quot;allow-forms allow-popups allow-popups-to-escape-sandbox allow-same-origin allow-scripts allow-top-navigation-by-user-activation&amp;quot; allow=&amp;quot;private-state-token-redemption;attribution-reporting&amp;quot; aria-label=&amp;quot;Advertisement&amp;quot; tabindex=&amp;quot;0&amp;quot; data-google-container-id=&amp;quot;3&amp;quot; style=&amp;quot;border: 0px; vertical-align: bottom; display: block !important; margin: 0px auto !important; max-height: 30vh !important; overflow: hidden !important; width: 1005px; height: 124px;&amp;quot; data-load-complete=&amp;quot;true&amp;quot;&amp;gt;&amp;lt;/iframe&amp;gt;
  (Session info: chrome=139.0.7258.128)
Build info: version: &amp;apos;4.32.0&amp;apos;, revision: &amp;apos;d17c8aa950&amp;apos;
System info: os.name: &amp;apos;Windows 11&amp;apos;, os.arch: &amp;apos;amd64&amp;apos;, os.version: &amp;apos;10.0&amp;apos;, java.version: &amp;apos;21.0.7&amp;apos;
Driver info: org.openqa.selenium.chrome.ChromeDriver
Command: [7ea1f3e803514e1bab4e361403e415ba, clickElement {id=f.FDE2F7AD9D05EF96B4A5261FE8999384.d.2D54899C82D5412CD8BBB9EA98B16E17.e.38}]
Capabilities {acceptInsecureCerts: false, browserName: chrome, browserVersion: 139.0.7258.128, chrome: {chromedriverVersion: 139.0.7258.68 (40ff94600b6e..., userDataDir: C:\Users\Dell\AppData\Local...}, fedcm:accounts: true, goog:chromeOptions: {debuggerAddress: localhost:61029}, networkConnectionEnabled: false, pageLoadStrategy: normal, platformName: windows, proxy: Proxy(), se:cdp: ws://localhost:61029/devtoo..., se:cdpVersion: 139.0.7258.128, setWindowRect: true, strictFileInteractability: false, timeouts: {implicit: 0, pageLoad: 300000, script: 30000}, unhandledPromptBehavior: dismiss and notify, webauthn:extension:credBlob: true, webauthn:extension:largeBlob: true, webauthn:extension:minPinLength: true, webauthn:extension:prf: true, webauthn:virtualAuthenticators: true}
Element: [[ChromeDriver: chrome on windows (7ea1f3e803514e1bab4e361403e415ba)] -&amp;gt; xpath: //input[@id=&amp;apos;profession-1&amp;apos;]]
Session ID: 7ea1f3e803514e1bab4e361403e415ba">
      <![CDATA[org.openqa.selenium.ElementClickInterceptedException: element click intercepted: Element <input id="profession-1" name="profession" style="font-size:14px;margin:0;padding:0;vertical-align:baseline" type="checkbox" value="Automation Tester"> is not clickable at point (477, 643). Other element would receive the click: <iframe frameborder="0" src="https://1e7bcdf4caedc24f75f75deb6526fa69.safeframe.googlesyndication.com/safeframe/1-0-45/html/container.html" id="google_ads_iframe_/23202726502,22662382379/techlistic_com-medrectangle-2_0" title="3rd party ad content" name="" scrolling="no" marginwidth="0" marginheight="0" width="1005" height="124" data-is-safeframe="true" sandbox="allow-forms allow-popups allow-popups-to-escape-sandbox allow-same-origin allow-scripts allow-top-navigation-by-user-activation" allow="private-state-token-redemption;attribution-reporting" aria-label="Advertisement" tabindex="0" data-google-container-id="3" style="border: 0px; vertical-align: bottom; display: block !important; margin: 0px auto !important; max-height: 30vh !important; overflow: hidden !important; width: 1005px; height: 124px;" data-load-complete="true"></iframe>
  (Session info: chrome=139.0.7258.128)
Build info: version: '4.32.0', revision: 'd17c8aa950'
System info: os.name: 'Windows 11', os.arch: 'amd64', os.version: '10.0', java.version: '21.0.7'
Driver info: org.openqa.selenium.chrome.ChromeDriver
Command: [7ea1f3e803514e1bab4e361403e415ba, clickElement {id=f.FDE2F7AD9D05EF96B4A5261FE8999384.d.2D54899C82D5412CD8BBB9EA98B16E17.e.38}]
Capabilities {acceptInsecureCerts: false, browserName: chrome, browserVersion: 139.0.7258.128, chrome: {chromedriverVersion: 139.0.7258.68 (40ff94600b6e..., userDataDir: C:\Users\Dell\AppData\Local...}, fedcm:accounts: true, goog:chromeOptions: {debuggerAddress: localhost:61029}, networkConnectionEnabled: false, pageLoadStrategy: normal, platformName: windows, proxy: Proxy(), se:cdp: ws://localhost:61029/devtoo..., se:cdpVersion: 139.0.7258.128, setWindowRect: true, strictFileInteractability: false, timeouts: {implicit: 0, pageLoad: 300000, script: 30000}, unhandledPromptBehavior: dismiss and notify, webauthn:extension:credBlob: true, webauthn:extension:largeBlob: true, webauthn:extension:minPinLength: true, webauthn:extension:prf: true, webauthn:virtualAuthenticators: true}
Element: [[ChromeDriver: chrome on windows (7ea1f3e803514e1bab4e361403e415ba)] -> xpath: //input[@id='profession-1']]
Session ID: 7ea1f3e803514e1bab4e361403e415ba
at org.openqa.selenium.remote.ErrorCodec.decode(ErrorCodec.java:167)
at org.openqa.selenium.remote.codec.w3c.W3CHttpResponseCodec.decode(W3CHttpResponseCodec.java:138)
at org.openqa.selenium.remote.codec.w3c.W3CHttpResponseCodec.decode(W3CHttpResponseCodec.java:50)
at org.openqa.selenium.remote.HttpCommandExecutor.execute(HttpCommandExecutor.java:215)
at org.openqa.selenium.remote.service.DriverCommandExecutor.invokeExecute(DriverCommandExecutor.java:216)
at org.openqa.selenium.remote.service.DriverCommandExecutor.execute(DriverCommandExecutor.java:174)
at org.openqa.selenium.remote.RemoteWebDriver.execute(RemoteWebDriver.java:545)
at org.openqa.selenium.remote.RemoteWebElement.execute(RemoteWebElement.java:223)
at org.openqa.selenium.remote.RemoteWebElement.click(RemoteWebElement.java:76)
at com.wiproJuly.LabSession18thAug.LabAssignment1.lab1(LabAssignment1.java:38)
at java.base/java.util.concurrent.ThreadPoolExecutor.runWorker(ThreadPoolExecutor.java:1144)
at java.base/java.util.concurrent.ThreadPoolExecutor$Worker.run(ThreadPoolExecutor.java:642)
at java.base/java.lang.Thread.run(Thread.java:1583)
... Removed 13 stack frames]]>
    </failure>
  </testcase> <!-- lab1 -->
  <testcase classname="com.wiproJuly.LabSession18thAug.LabAssignment3" name="negativeUsernameTest" time="0.0">
    <ignored/>
  </testcase> <!-- negativeUsernameTest -->
  <testcase classname="com.wiproJuly.LabSession18thAug.LabAssignment3" name="positiveLoginTest" time="0.0">
    <ignored/>
  </testcase> <!-- positiveLoginTest -->
  <testcase classname="com.wiproJuly.LabSession18thAug.LabAssignment3" name="negativePasswordTest" time="0.0">
    <ignored/>
  </testcase> <!-- negativePasswordTest -->
</testsuite> <!-- lab assignment -->
