<?xml version="1.0" encoding="UTF-8"?>
<!-- Generated by org.testng.reporters.JUnitXMLReporter -->
<testsuite ignored="1" hostname="AVAJ" failures="3" tests="11" name="Smoke Tests" time="43.809" errors="0" timestamp="2025-08-19T16:13:41 GMT+05:30">
  <testcase classname="com.wiproJuly.LabSession18thAug.LabAssignment3" name="testcase1" time="0.01"/>
  <testcase classname="com.wiproJuly.LabSession18thAug.LabAssignment3" name="testcase2" time="0.002"/>
  <testcase classname="com.wiproJuly.LabSession18thAug.LabAssignment3" name="testcase3" time="0.002"/>
  <testcase classname="com.wiproJuly.LabSession18thAug.LabAssignment3" name="negativeUsernameTest" time="10.843">
    <failure type="java.lang.AssertionError" message="expected [Test Login ] but found [Test Login | Practice Test Automation]">
      <![CDATA[java.lang.AssertionError: expected [Test Login ] but found [Test Login | Practice Test Automation]
at com.wiproJuly.LabSession18thAug.LabAssignment3.negativeUsernameTest(LabAssignment3.java:105)
at java.base/java.util.concurrent.ThreadPoolExecutor.runWorker(ThreadPoolExecutor.java:1144)
at java.base/java.util.concurrent.ThreadPoolExecutor$Worker.run(ThreadPoolExecutor.java:642)
at java.base/java.lang.Thread.run(Thread.java:1583)
... Removed 16 stack frames]]>
    </failure>
  </testcase> <!-- negativeUsernameTest -->
  <testcase classname="com.wiproJuly.LabSession18thAug.LabAssignment2" name="signup" time="18.336">
    <failure type="org.openqa.selenium.ElementNotInteractableException" message="element not interactable
  (Session info: chrome=139.0.7258.128)
Build info: version: &amp;apos;4.32.0&amp;apos;, revision: &amp;apos;d17c8aa950&amp;apos;
System info: os.name: &amp;apos;Windows 11&amp;apos;, os.arch: &amp;apos;amd64&amp;apos;, os.version: &amp;apos;10.0&amp;apos;, java.version: &amp;apos;21.0.7&amp;apos;
Driver info: org.openqa.selenium.chrome.ChromeDriver
Command: [46c4c2c7b66e9c435f58b7bc6a4cf0b1, clickElement {id=f.10330CD286A64B01B85094E8C589D414.d.E60621BA7FAE864C8854748E338AA483.e.100}]
Capabilities {acceptInsecureCerts: false, browserName: chrome, browserVersion: 139.0.7258.128, chrome: {chromedriverVersion: 139.0.7258.68 (40ff94600b6e..., userDataDir: C:\Users\Dell\AppData\Local...}, fedcm:accounts: true, goog:chromeOptions: {debuggerAddress: localhost:51723}, networkConnectionEnabled: false, pageLoadStrategy: normal, platformName: windows, proxy: Proxy(), se:cdp: ws://localhost:51723/devtoo..., se:cdpVersion: 139.0.7258.128, setWindowRect: true, strictFileInteractability: false, timeouts: {implicit: 0, pageLoad: 300000, script: 30000}, unhandledPromptBehavior: dismiss and notify, webauthn:extension:credBlob: true, webauthn:extension:largeBlob: true, webauthn:extension:minPinLength: true, webauthn:extension:prf: true, webauthn:virtualAuthenticators: true}
Element: [[ChromeDriver: chrome on windows (46c4c2c7b66e9c435f58b7bc6a4cf0b1)] -&amp;gt; css selector: input[aria-label=&amp;apos;Search&amp;apos;]]
Session ID: 46c4c2c7b66e9c435f58b7bc6a4cf0b1">
      <![CDATA[org.openqa.selenium.ElementNotInteractableException: element not interactable
  (Session info: chrome=139.0.7258.128)
Build info: version: '4.32.0', revision: 'd17c8aa950'
System info: os.name: 'Windows 11', os.arch: 'amd64', os.version: '10.0', java.version: '21.0.7'
Driver info: org.openqa.selenium.chrome.ChromeDriver
Command: [46c4c2c7b66e9c435f58b7bc6a4cf0b1, clickElement {id=f.10330CD286A64B01B85094E8C589D414.d.E60621BA7FAE864C8854748E338AA483.e.100}]
Capabilities {acceptInsecureCerts: false, browserName: chrome, browserVersion: 139.0.7258.128, chrome: {chromedriverVersion: 139.0.7258.68 (40ff94600b6e..., userDataDir: C:\Users\Dell\AppData\Local...}, fedcm:accounts: true, goog:chromeOptions: {debuggerAddress: localhost:51723}, networkConnectionEnabled: false, pageLoadStrategy: normal, platformName: windows, proxy: Proxy(), se:cdp: ws://localhost:51723/devtoo..., se:cdpVersion: 139.0.7258.128, setWindowRect: true, strictFileInteractability: false, timeouts: {implicit: 0, pageLoad: 300000, script: 30000}, unhandledPromptBehavior: dismiss and notify, webauthn:extension:credBlob: true, webauthn:extension:largeBlob: true, webauthn:extension:minPinLength: true, webauthn:extension:prf: true, webauthn:virtualAuthenticators: true}
Element: [[ChromeDriver: chrome on windows (46c4c2c7b66e9c435f58b7bc6a4cf0b1)] -> css selector: input[aria-label='Search']]
Session ID: 46c4c2c7b66e9c435f58b7bc6a4cf0b1
at org.openqa.selenium.remote.ErrorCodec.decode(ErrorCodec.java:167)
at org.openqa.selenium.remote.codec.w3c.W3CHttpResponseCodec.decode(W3CHttpResponseCodec.java:138)
at org.openqa.selenium.remote.codec.w3c.W3CHttpResponseCodec.decode(W3CHttpResponseCodec.java:50)
at org.openqa.selenium.remote.HttpCommandExecutor.execute(HttpCommandExecutor.java:215)
at org.openqa.selenium.remote.service.DriverCommandExecutor.invokeExecute(DriverCommandExecutor.java:216)
at org.openqa.selenium.remote.service.DriverCommandExecutor.execute(DriverCommandExecutor.java:174)
at org.openqa.selenium.remote.RemoteWebDriver.execute(RemoteWebDriver.java:545)
at org.openqa.selenium.remote.RemoteWebElement.execute(RemoteWebElement.java:223)
at org.openqa.selenium.remote.RemoteWebElement.click(RemoteWebElement.java:76)
at com.wiproJuly.LabSession18thAug.LabAssignment2.signup(LabAssignment2.java:45)
at java.base/java.util.concurrent.ThreadPoolExecutor.runWorker(ThreadPoolExecutor.java:1144)
at java.base/java.util.concurrent.ThreadPoolExecutor$Worker.run(ThreadPoolExecutor.java:642)
at java.base/java.lang.Thread.run(Thread.java:1583)
... Removed 13 stack frames]]>
    </failure>
  </testcase> <!-- signup -->
  <testcase classname="com.wiproJuly.LabSession18thAug.LabAssignment3" name="negativePasswordTest" time="15.791"/>
  <testcase classname="com.wiproJuly.LabSession18thAug.LabAssignment1" name="lab1" time="33.443">
    <failure type="java.lang.AssertionError" message="expected [Techlistic - Atom ] but found []">
      <![CDATA[java.lang.AssertionError: expected [Techlistic - Atom ] but found []
at com.wiproJuly.LabSession18thAug.LabAssignment1.lab1(LabAssignment1.java:57)
at java.base/java.util.concurrent.ThreadPoolExecutor.runWorker(ThreadPoolExecutor.java:1144)
at java.base/java.util.concurrent.ThreadPoolExecutor$Worker.run(ThreadPoolExecutor.java:642)
at java.base/java.lang.Thread.run(Thread.java:1583)
... Removed 16 stack frames]]>
    </failure>
  </testcase> <!-- lab1 -->
  <testcase classname="com.wiproJuly.LabSession18thAug.LabAssignment1" name="testcase1" time="0.002"/>
  <testcase classname="com.wiproJuly.LabSession18thAug.LabAssignment1" name="testcase2" time="0.002"/>
  <testcase classname="com.wiproJuly.LabSession18thAug.LabAssignment1" name="testcase3" time="0.001"/>
  <testcase classname="com.wiproJuly.LabSession18thAug.LabAssignment4" name="mobile" time="43.766"/>
  <testcase classname="com.wiproJuly.LabSession18thAug.LabAssignment3" name="positiveLoginTest" time="0.0">
    <ignored/>
  </testcase> <!-- positiveLoginTest -->
</testsuite> <!-- Smoke Tests -->
